/*C5*/SET SCHEMA PUBLIC
DISCONNECT
/*C6*/SET SCHEMA PUBLIC
alter table Mark_Student drop constraint FKfxl0phv2tj9g3dna8hlb6xx8l
alter table Mark_Student drop constraint FKdfmuuam9heqr02fj5co8b1qqx
alter table Student drop constraint FKtcmv23dul20y0s7po3do3a7og
drop table Classroom if exists
drop table Mark if exists
drop table Mark_Student if exists
drop table Student if exists
drop sequence hibernate_sequence if exists
DISCONNECT
/*C7*/SET SCHEMA PUBLIC
create sequence hibernate_sequence start with 1 increment by 1
create table Classroom (idClassroom bigint not null, classroomName varchar(255), classroomNumber integer, primary key (idClassroom))
create table Mark (idMark bigint not null, markName varchar(255), markValue integer not null, primary key (idMark))
create table Mark_Student (markList_idMark bigint not null, studentSet_idStudent bigint not null, primary key (markList_idMark, studentSet_idStudent))
create table Student (idStudent bigint not null, firstName varchar(255), lastName varchar(255), userName varchar(255) not null, classroom_idClassroom bigint, primary key (idStudent))
alter table Classroom add constraint UK_ldj9cy5a0so466jg8h4bv21tp unique (classroomName)
alter table Classroom add constraint UK_grti96d1x1maa4y0dyvxeyrkt unique (classroomNumber)
alter table Student add constraint UK_orqg4vl6ad1a5k3a2sm91o1mr unique (userName)
alter table Mark_Student add constraint FKfxl0phv2tj9g3dna8hlb6xx8l foreign key (studentSet_idStudent) references Student
alter table Mark_Student add constraint FKdfmuuam9heqr02fj5co8b1qqx foreign key (markList_idMark) references Mark
alter table Student add constraint FKtcmv23dul20y0s7po3do3a7og foreign key (classroom_idClassroom) references Classroom
INSERT INTO CLASSROOM VALUES(1,'Pierwsza',11)
COMMIT
INSERT INTO CLASSROOM VALUES(2,'Druga',22)
COMMIT
INSERT INTO CLASSROOM VALUES(3,'Trzecia',33)
COMMIT
INSERT INTO CLASSROOM VALUES(4,'Czwarta',44)
COMMIT
INSERT INTO CLASSROOM VALUES(5,'Pi\u0105ta',55)
COMMIT
INSERT INTO CLASSROOM VALUES(6,'Sz\u00f3sta',66)
COMMIT
INSERT INTO CLASSROOM VALUES(7,'Si\u00f3dma',77)
COMMIT
INSERT INTO CLASSROOM VALUES(8,'\u00d3sma',88)
COMMIT
INSERT INTO MARK VALUES(1,'NDST',1)
COMMIT
INSERT INTO MARK VALUES(2,'MRN',2)
COMMIT
INSERT INTO MARK VALUES(3,'DST',3)
COMMIT
INSERT INTO MARK VALUES(4,'DB',4)
COMMIT
INSERT INTO MARK VALUES(5,'BDB',5)
COMMIT
INSERT INTO MARK VALUES(6,'CEL',6)
COMMIT
DISCONNECT
/*C8*/SET SCHEMA PUBLIC
DISCONNECT
/*C9*/SET SCHEMA PUBLIC
DISCONNECT
/*C10*/SET SCHEMA PUBLIC
DISCONNECT
