00:41:49.592 INFO  c.j.a.s.s.MarkServiceImpl - Mark: Mark(idMark=5, markValue=5, markName=bdb, studentsWithMark=[])
00:42:05.095 INFO  c.j.a.s.s.MarkServiceImpl - Mark: Mark(idMark=0, markValue=2, markName=mrn, studentsWithMark=[Student{idStudent=0name=Jauser=aja}, Student{idStudent=0name=Touser=oto}])
00:42:05.231 INFO  c.j.a.s.s.MarkServiceImpl - Mark: Mark(idMark=0, markValue=5, markName=bdb, studentsWithMark=[Student{idStudent=200name=Touser=oto}])
00:42:05.381 INFO  c.j.a.s.s.MarkServiceImpl - Mark: Mark(idMark=0, markValue=2, markName=mrn, studentsWithMark=[Student{idStudent=0name=Jauser=aja}, Student{idStudent=0name=Touser=oto}])
00:42:05.642 INFO  c.j.a.s.s.MarkServiceImpl - Mark: Mark(idMark=0, markValue=2, markName=mrn, studentsWithMark=[Student{idStudent=0name=Jauser=aja}, Student{idStudent=0name=Touser=oto}])
00:42:05.782 INFO  c.j.a.s.s.MarkServiceImpl - Mark: Mark(idMark=0, markValue=2, markName=mrn, studentsWithMark=[Student{idStudent=0name=Jauser=aja}, Student{idStudent=0name=Touser=oto}])
00:42:05.894 INFO  c.j.a.s.s.MarkServiceImpl - Mark: Mark(idMark=0, markValue=5, markName=bdb, studentsWithMark=[Student{idStudent=213name=Touser=oto}])
00:42:06.085 INFO  c.j.a.s.s.MarkServiceImpl - Mark: Mark(idMark=0, markValue=2, markName=mrn, studentsWithMark=[Student{idStudent=0name=Jauser=aja}, Student{idStudent=0name=Touser=oto}])
00:42:06.220 INFO  c.j.a.s.s.MarkServiceImpl - Mark: Mark(idMark=0, markValue=5, markName=bdb, studentsWithMark=[Student{idStudent=218name=Touser=oto}])
00:42:06.277 INFO  c.j.a.s.s.MarkServiceImpl - Mark: Mark(idMark=0, markValue=2, markName=mrn, studentsWithMark=[Student{idStudent=0name=Jauser=aja}, Student{idStudent=0name=Touser=oto}])
00:42:06.427 INFO  c.j.a.s.s.MarkServiceImpl - Mark: Mark(idMark=0, markValue=2, markName=mrn, studentsWithMark=[Student{idStudent=0name=Jauser=aja}, Student{idStudent=0name=Touser=oto}])
00:42:06.562 INFO  c.j.a.s.s.MarkServiceImpl - Mark: Mark(idMark=0, markValue=2, markName=mrn, studentsWithMark=[Student{idStudent=0name=Jauser=aja}, Student{idStudent=0name=Touser=oto}])
00:42:06.706 INFO  c.j.a.s.s.MarkServiceImpl - Mark: Mark(idMark=0, markValue=5, markName=bdb, studentsWithMark=[Student{idStudent=231name=Touser=oto}])
00:42:06.763 INFO  c.j.a.s.s.MarkServiceImpl - Mark: Mark(idMark=0, markValue=2, markName=mrn, studentsWithMark=[Student{idStudent=0name=Jauser=aja}, Student{idStudent=0name=Touser=oto}])
00:42:06.920 INFO  c.j.a.s.s.MarkServiceImpl - Mark: Mark(idMark=0, markValue=2, markName=mrn, studentsWithMark=[Student{idStudent=0name=Jauser=aja}, Student{idStudent=0name=Touser=oto}])
00:42:07.033 INFO  c.j.a.s.s.MarkServiceImpl - Mark: Mark(idMark=0, markValue=2, markName=mrn, studentsWithMark=[Student{idStudent=0name=Jauser=aja}, Student{idStudent=0name=Touser=oto}])
00:42:07.182 INFO  c.j.a.s.s.MarkServiceImpl - Mark: Mark(idMark=0, markValue=2, markName=mrn, studentsWithMark=[Student{idStudent=0name=Jauser=aja}, Student{idStudent=0name=Touser=oto}])
00:42:08.228 INFO  c.j.a.s.s.MarkServiceImpl - Mark: Mark(idMark=0, markValue=2, markName=mrn, studentsWithMark=null)
00:42:08.266 INFO  c.j.a.s.s.MarkServiceImpl - Mark: Mark(idMark=0, markValue=5, markName=bdb, studentsWithMark=null)
00:42:08.398 INFO  c.j.a.s.s.MarkServiceImpl - Mark: Mark(idMark=0, markValue=2, markName=mrn, studentsWithMark=null)
00:42:08.434 INFO  c.j.a.s.s.MarkServiceImpl - Mark: Mark(idMark=0, markValue=5, markName=bdb, studentsWithMark=null)
00:42:08.574 INFO  c.j.a.s.s.MarkServiceImpl - Mark: Mark(idMark=0, markValue=2, markName=mrn, studentsWithMark=null)
00:42:08.619 INFO  c.j.a.s.s.MarkServiceImpl - Mark: Mark(idMark=0, markValue=5, markName=bdb, studentsWithMark=null)
00:42:08.727 INFO  c.j.a.s.s.MarkServiceImpl - Mark: Mark(idMark=0, markValue=2, markName=mrn, studentsWithMark=null)
00:42:08.753 INFO  c.j.a.s.s.MarkServiceImpl - Mark: Mark(idMark=0, markValue=5, markName=bdb, studentsWithMark=null)
00:42:08.894 INFO  c.j.a.s.s.MarkServiceImpl - Mark: Mark(idMark=0, markValue=2, markName=mrn, studentsWithMark=null)
00:42:08.922 INFO  c.j.a.s.s.MarkServiceImpl - Mark: Mark(idMark=0, markValue=5, markName=bdb, studentsWithMark=null)
00:42:09.029 INFO  c.j.a.s.s.MarkServiceImpl - Mark: Mark(idMark=0, markValue=2, markName=mrn, studentsWithMark=null)
00:42:09.048 INFO  c.j.a.s.s.MarkServiceImpl - Mark: Mark(idMark=0, markValue=5, markName=bdb, studentsWithMark=null)
00:42:09.187 INFO  c.j.a.s.s.MarkServiceImpl - Mark: Mark(idMark=0, markValue=2, markName=mrn, studentsWithMark=null)
00:42:09.216 INFO  c.j.a.s.s.MarkServiceImpl - Mark: Mark(idMark=0, markValue=5, markName=bdb, studentsWithMark=null)
00:42:09.381 INFO  c.j.a.s.s.MarkServiceImpl - Mark: Mark(idMark=0, markValue=2, markName=mrn, studentsWithMark=null)
00:42:09.409 INFO  c.j.a.s.s.MarkServiceImpl - Mark: Mark(idMark=0, markValue=5, markName=bdb, studentsWithMark=null)
00:42:09.616 INFO  c.j.a.s.s.MarkServiceImpl - Mark: Mark(idMark=0, markValue=2, markName=mrn, studentsWithMark=null)
00:42:09.652 INFO  c.j.a.s.s.MarkServiceImpl - Mark: Mark(idMark=0, markValue=5, markName=bdb, studentsWithMark=null)
00:42:09.758 INFO  c.j.a.s.s.MarkServiceImpl - Mark: Mark(idMark=0, markValue=2, markName=mrn, studentsWithMark=null)
00:42:09.786 INFO  c.j.a.s.s.MarkServiceImpl - Mark: Mark(idMark=0, markValue=5, markName=bdb, studentsWithMark=null)
00:42:09.910 INFO  c.j.a.s.s.MarkServiceImpl - Mark: Mark(idMark=0, markValue=2, markName=mrn, studentsWithMark=null)
00:42:09.937 INFO  c.j.a.s.s.MarkServiceImpl - Mark: Mark(idMark=0, markValue=5, markName=bdb, studentsWithMark=null)
00:42:10.087 INFO  c.j.a.s.s.MarkServiceImpl - Mark: Mark(idMark=0, markValue=2, markName=mrn, studentsWithMark=null)
00:42:10.114 INFO  c.j.a.s.s.MarkServiceImpl - Mark: Mark(idMark=0, markValue=5, markName=bdb, studentsWithMark=null)
21:16:39.506 INFO  c.j.a.s.s.MarkServiceImpl - Mark: Mark(idMark=5, markValue=5, markName=bdb, studentsWithMark=[])
21:16:59.779 INFO  c.j.a.s.s.MarkServiceImpl - Mark: Mark(idMark=5, markValue=5, markName=bdb, studentsWithMark=[])
21:17:17.225 INFO  c.j.a.s.s.MarkServiceImpl - Mark: Mark(idMark=0, markValue=2, markName=mrn, studentsWithMark=[Student{idStudent=0name=Jauser=aja}, Student{idStudent=0name=Touser=oto}])
21:17:17.328 INFO  c.j.a.s.s.MarkServiceImpl - Mark: Mark(idMark=0, markValue=5, markName=bdb, studentsWithMark=[Student{idStudent=200name=Touser=oto}])
21:17:17.440 INFO  c.j.a.s.s.MarkServiceImpl - Mark: Mark(idMark=0, markValue=2, markName=mrn, studentsWithMark=[Student{idStudent=0name=Jauser=aja}, Student{idStudent=0name=Touser=oto}])
21:17:17.695 INFO  c.j.a.s.s.MarkServiceImpl - Mark: Mark(idMark=0, markValue=2, markName=mrn, studentsWithMark=[Student{idStudent=0name=Jauser=aja}, Student{idStudent=0name=Touser=oto}])
21:17:17.955 INFO  c.j.a.s.s.MarkServiceImpl - Mark: Mark(idMark=0, markValue=2, markName=mrn, studentsWithMark=[Student{idStudent=0name=Jauser=aja}, Student{idStudent=0name=Touser=oto}])
21:17:18.090 INFO  c.j.a.s.s.MarkServiceImpl - Mark: Mark(idMark=0, markValue=5, markName=bdb, studentsWithMark=[Student{idStudent=213name=Touser=oto}])
21:17:18.146 INFO  c.j.a.s.s.MarkServiceImpl - Mark: Mark(idMark=0, markValue=2, markName=mrn, studentsWithMark=[Student{idStudent=0name=Jauser=aja}, Student{idStudent=0name=Touser=oto}])
21:17:18.259 INFO  c.j.a.s.s.MarkServiceImpl - Mark: Mark(idMark=0, markValue=5, markName=bdb, studentsWithMark=[Student{idStudent=218name=Touser=oto}])
21:17:18.315 INFO  c.j.a.s.s.MarkServiceImpl - Mark: Mark(idMark=0, markValue=2, markName=mrn, studentsWithMark=[Student{idStudent=0name=Jauser=aja}, Student{idStudent=0name=Touser=oto}])
21:17:18.449 INFO  c.j.a.s.s.MarkServiceImpl - Mark: Mark(idMark=0, markValue=2, markName=mrn, studentsWithMark=[Student{idStudent=0name=Jauser=aja}, Student{idStudent=0name=Touser=oto}])
21:17:18.592 INFO  c.j.a.s.s.MarkServiceImpl - Mark: Mark(idMark=0, markValue=2, markName=mrn, studentsWithMark=[Student{idStudent=0name=Jauser=aja}, Student{idStudent=0name=Touser=oto}])
21:17:18.695 INFO  c.j.a.s.s.MarkServiceImpl - Mark: Mark(idMark=0, markValue=5, markName=bdb, studentsWithMark=[Student{idStudent=231name=Touser=oto}])
21:17:18.752 INFO  c.j.a.s.s.MarkServiceImpl - Mark: Mark(idMark=0, markValue=2, markName=mrn, studentsWithMark=[Student{idStudent=0name=Jauser=aja}, Student{idStudent=0name=Touser=oto}])
21:17:18.910 INFO  c.j.a.s.s.MarkServiceImpl - Mark: Mark(idMark=0, markValue=2, markName=mrn, studentsWithMark=[Student{idStudent=0name=Jauser=aja}, Student{idStudent=0name=Touser=oto}])
21:17:19.046 INFO  c.j.a.s.s.MarkServiceImpl - Mark: Mark(idMark=0, markValue=2, markName=mrn, studentsWithMark=[Student{idStudent=0name=Jauser=aja}, Student{idStudent=0name=Touser=oto}])
21:17:19.188 INFO  c.j.a.s.s.MarkServiceImpl - Mark: Mark(idMark=0, markValue=2, markName=mrn, studentsWithMark=[Student{idStudent=0name=Jauser=aja}, Student{idStudent=0name=Touser=oto}])
21:17:20.699 INFO  c.j.a.s.s.MarkServiceImpl - Mark: Mark(idMark=0, markValue=2, markName=mrn, studentsWithMark=null)
21:17:20.730 INFO  c.j.a.s.s.MarkServiceImpl - Mark: Mark(idMark=0, markValue=5, markName=bdb, studentsWithMark=null)
21:17:20.837 INFO  c.j.a.s.s.MarkServiceImpl - Mark: Mark(idMark=0, markValue=2, markName=mrn, studentsWithMark=null)
21:17:20.864 INFO  c.j.a.s.s.MarkServiceImpl - Mark: Mark(idMark=0, markValue=5, markName=bdb, studentsWithMark=null)
21:17:20.996 INFO  c.j.a.s.s.MarkServiceImpl - Mark: Mark(idMark=0, markValue=2, markName=mrn, studentsWithMark=null)
21:17:21.032 INFO  c.j.a.s.s.MarkServiceImpl - Mark: Mark(idMark=0, markValue=5, markName=bdb, studentsWithMark=null)
21:17:21.140 INFO  c.j.a.s.s.MarkServiceImpl - Mark: Mark(idMark=0, markValue=2, markName=mrn, studentsWithMark=null)
21:17:21.166 INFO  c.j.a.s.s.MarkServiceImpl - Mark: Mark(idMark=0, markValue=5, markName=bdb, studentsWithMark=null)
21:17:21.298 INFO  c.j.a.s.s.MarkServiceImpl - Mark: Mark(idMark=0, markValue=2, markName=mrn, studentsWithMark=null)
21:17:21.326 INFO  c.j.a.s.s.MarkServiceImpl - Mark: Mark(idMark=0, markValue=5, markName=bdb, studentsWithMark=null)
21:17:21.434 INFO  c.j.a.s.s.MarkServiceImpl - Mark: Mark(idMark=0, markValue=2, markName=mrn, studentsWithMark=null)
21:17:21.461 INFO  c.j.a.s.s.MarkServiceImpl - Mark: Mark(idMark=0, markValue=5, markName=bdb, studentsWithMark=null)
21:17:21.601 INFO  c.j.a.s.s.MarkServiceImpl - Mark: Mark(idMark=0, markValue=2, markName=mrn, studentsWithMark=null)
21:17:21.721 INFO  c.j.a.s.s.MarkServiceImpl - Mark: Mark(idMark=0, markValue=5, markName=bdb, studentsWithMark=null)
21:17:22.028 INFO  c.j.a.s.s.MarkServiceImpl - Mark: Mark(idMark=0, markValue=2, markName=mrn, studentsWithMark=null)
21:17:22.063 INFO  c.j.a.s.s.MarkServiceImpl - Mark: Mark(idMark=0, markValue=5, markName=bdb, studentsWithMark=null)
21:17:22.195 INFO  c.j.a.s.s.MarkServiceImpl - Mark: Mark(idMark=0, markValue=2, markName=mrn, studentsWithMark=null)
21:17:22.223 INFO  c.j.a.s.s.MarkServiceImpl - Mark: Mark(idMark=0, markValue=5, markName=bdb, studentsWithMark=null)
21:17:22.337 INFO  c.j.a.s.s.MarkServiceImpl - Mark: Mark(idMark=0, markValue=2, markName=mrn, studentsWithMark=null)
21:17:22.657 INFO  c.j.a.s.s.MarkServiceImpl - Mark: Mark(idMark=0, markValue=5, markName=bdb, studentsWithMark=null)
21:17:22.915 INFO  c.j.a.s.s.MarkServiceImpl - Mark: Mark(idMark=0, markValue=2, markName=mrn, studentsWithMark=null)
21:17:22.941 INFO  c.j.a.s.s.MarkServiceImpl - Mark: Mark(idMark=0, markValue=5, markName=bdb, studentsWithMark=null)
21:17:23.082 INFO  c.j.a.s.s.MarkServiceImpl - Mark: Mark(idMark=0, markValue=2, markName=mrn, studentsWithMark=null)
21:17:23.109 INFO  c.j.a.s.s.MarkServiceImpl - Mark: Mark(idMark=0, markValue=5, markName=bdb, studentsWithMark=null)
